Arguments: 
  C:\Program Files\nodejs\node.exe C:\Users\hhng\AppData\Roaming\npm\node_modules\yarn\bin\yarn.js install

PATH: 
  D:\SETUP\cmder\vendor\bin;C:\ProgramData\Oracle\Java\javapath;C:\WINDOWS\system32;C:\WINDOWS;C:\WINDOWS\System32\Wbem;C:\WINDOWS\System32\WindowsPowerShell\v1.0\;C:\WINDOWS\System32\OpenSSH\;C:\Program Files\Microsoft SQL Server\Client SDK\ODBC\130\Tools\Binn\;C:\Program Files (x86)\Microsoft SQL Server\140\Tools\Binn\;C:\Program Files\Microsoft SQL Server\140\Tools\Binn\;C:\Program Files\Microsoft SQL Server\140\DTS\Binn\;C:\Program Files\dotnet\;C:\Program Files\Microsoft SQL Server\130\Tools\Binn\;C:\Program Files\Microsoft SQL Server\Client SDK\ODBC\170\Tools\Binn\;C:\Program Files (x86)\Microsoft SQL Server\150\DTS\Binn\;C:\Program Files\Git\cmd;C:\Program Files\nodejs\;C:\Program Files\TortoiseSVN\bin;C:\Program Files\JetBrains\IntelliJ IDEA 2020.2.3\plugins\maven\lib\maven3\bin;C:\Program Files\PuTTY\;C:\Program Files\MongoDB\Server\4.4\bin;D:\SETUP\IDE;C:\Program Files\Docker\Docker\resources\bin;C:\ProgramData\DockerDesktop\version-bin;C:\Users\hhng\AppData\Local\Programs\Python\Python39\Scripts\;C:\Users\hhng\AppData\Local\Programs\Python\Python39\;C:\Users\hhng\AppData\Local\Microsoft\WindowsApps;C:\Users\hhng\AppData\Local\Programs\Microsoft VS Code\bin;C:\Users\hhng\AppData\Roaming\npm;C:\Users\hhng\AppData\Local\Keybase\;C:\Program Files\Git\mingw64\bin;C:\Program Files\Git\usr\bin;D:\SETUP\cmder

Yarn version: 
  1.22.10

Node version: 
  14.13.0

Platform: 
  win32 x64

Trace: 
  SyntaxError: D:\Career\g8h9\microservices\auth-nodejs\package.json: Unexpected token } in JSON at position 729
      at JSON.parse (<anonymous>)
      at C:\Users\hhng\AppData\Roaming\npm\node_modules\yarn\lib\cli.js:1625:59
      at Generator.next (<anonymous>)
      at step (C:\Users\hhng\AppData\Roaming\npm\node_modules\yarn\lib\cli.js:310:30)
      at C:\Users\hhng\AppData\Roaming\npm\node_modules\yarn\lib\cli.js:321:13

npm manifest: 
  {
      "name": "auth-nodejs",
      "version": "1.0.0",
      "description": "",
      "main": "index.js",
      "scripts": {
          "start": "ts-node-dev --poll src/index.ts"
      },
      "keywords": [],
      "author": "g8h9",
      "license": "ISC",
      "dependencies": {
          "@eoet/common": "^1.0.4",
          "cookie-session": "^1.4.0",
          "express": "^4.17.1",
          "express-async-errors": "^3.1.1",
          "express-validator": "^6.8.0",
          "jsonwebtoken": "^8.5.1",
          "mongoose": "^5.11.8",
          "ts-node-dev": "^1.1.1",
          "typescript": "^4.1.3"
      },
      "devDependencies": {
          "@types/cookie-session": "^2.0.42",
          "@types/express": "^4.17.9",
          "@types/jsonwebtoken": "^8.5.0",
      }
  }

yarn manifest: 
  No manifest

Lockfile: 
  No lockfile
